<?xml version="1.0" encoding="UTF-8"?>
<coverage generated="1500739008666" clover="3.2.0">
  <project timestamp="1500739008667" name="All files">
    <metrics statements="6" coveredstatements="6" conditionals="6" coveredconditionals="6" methods="2" coveredmethods="2" elements="14" coveredelements="14" complexity="0" loc="6" ncloc="6" packages="1" files="2" classes="2">
      <file name="add.js" path="/Users/Nicholagaunne/aloof/aloofProject/src/add.js">
        <metrics statements="5" coveredstatements="5" conditionals="6" coveredconditionals="6" methods="1" coveredmethods="1"/>
        <line num="5" count="5" type="cond" truecount="4" falsecount="0"/>
        <line num="7" count="1" type="stmt"/>
        <line num="9" count="4" type="cond" truecount="2" falsecount="0"/>
        <line num="11" count="2" type="stmt"/>
        <line num="13" count="2" type="stmt"/>
      </file>
      <file name="sum.js" path="/Users/Nicholagaunne/aloof/aloofProject/src/sum.js">
        <metrics statements="1" coveredstatements="1" conditionals="0" coveredconditionals="0" methods="1" coveredmethods="1"/>
        <line num="4" count="1" type="stmt"/>
      </file>
    </metrics>
  </project>
</coverage>
