{"/Users/Nicholagaunne/aloof/aloofProject/src/add.js": {"path":"/Users/Nicholagaunne/aloof/aloofProject/src/add.js","statementMap":{"0":{"start":{"line":5,"column":2},"end":{"line":9,"column":3}},"1":{"start":{"line":6,"column":4},"end":{"line":6,"column":13}},"2":{"start":{"line":7,"column":9},"end":{"line":9,"column":3}},"3":{"start":{"line":8,"column":4},"end":{"line":8,"column":13}},"4":{"start":{"line":10,"column":2},"end":{"line":10,"column":15}}},"fnMap":{"0":{"name":"add","decl":{"start":{"line":3,"column":9},"end":{"line":3,"column":12}},"loc":{"start":{"line":3,"column":45},"end":{"line":11,"column":1}},"line":3}},"branchMap":{"0":{"loc":{"start":{"line":5,"column":2},"end":{"line":9,"column":3}},"type":"if","locations":[{"start":{"line":5,"column":2},"end":{"line":9,"column":3}},{"start":{"line":5,"column":2},"end":{"line":9,"column":3}}],"line":5},"1":{"loc":{"start":{"line":7,"column":9},"end":{"line":9,"column":3}},"type":"if","locations":[{"start":{"line":7,"column":9},"end":{"line":9,"column":3}},{"start":{"line":7,"column":9},"end":{"line":9,"column":3}}],"line":7}},"s":{"0":5,"1":1,"2":4,"3":2,"4":2},"f":{"0":5},"b":{"0":[1,4],"1":[2,2]},"_coverageSchema":"332fd63041d2c1bcb487cc26dd0d5f7d97098a6c","hash":"84983aacc9e1a85c2ee683eb533177e13b984614"}
,"/Users/Nicholagaunne/aloof/aloofProject/src/hackReactor.js": {"path":"/Users/Nicholagaunne/aloof/aloofProject/src/hackReactor.js","statementMap":{"0":{"start":{"line":6,"column":17},"end":{"line":6,"column":19}},"1":{"start":{"line":7,"column":2},"end":{"line":7,"column":23}},"2":{"start":{"line":13,"column":17},"end":{"line":13,"column":19}},"3":{"start":{"line":14,"column":2},"end":{"line":14,"column":23}},"4":{"start":{"line":20,"column":17},"end":{"line":20,"column":19}},"5":{"start":{"line":21,"column":2},"end":{"line":23,"column":3}},"6":{"start":{"line":22,"column":4},"end":{"line":22,"column":17}},"7":{"start":{"line":24,"column":2},"end":{"line":24,"column":23}},"8":{"start":{"line":36,"column":2},"end":{"line":36,"column":55}},"9":{"start":{"line":49,"column":20},"end":{"line":49,"column":65}},"10":{"start":{"line":50,"column":2},"end":{"line":50,"column":19}},"11":{"start":{"line":51,"column":2},"end":{"line":51,"column":63}},"12":{"start":{"line":52,"column":2},"end":{"line":52,"column":32}},"13":{"start":{"line":53,"column":2},"end":{"line":53,"column":32}},"14":{"start":{"line":54,"column":2},"end":{"line":54,"column":21}},"15":{"start":{"line":60,"column":2},"end":{"line":66,"column":3}},"16":{"start":{"line":61,"column":4},"end":{"line":61,"column":13}},"17":{"start":{"line":62,"column":9},"end":{"line":66,"column":3}},"18":{"start":{"line":63,"column":4},"end":{"line":63,"column":15}},"19":{"start":{"line":64,"column":9},"end":{"line":66,"column":3}},"20":{"start":{"line":65,"column":4},"end":{"line":65,"column":15}},"21":{"start":{"line":68,"column":2},"end":{"line":68,"column":25}},"22":{"start":{"line":74,"column":14},"end":{"line":74,"column":27}},"23":{"start":{"line":75,"column":14},"end":{"line":75,"column":16}},"24":{"start":{"line":76,"column":2},"end":{"line":80,"column":5}},"25":{"start":{"line":77,"column":4},"end":{"line":79,"column":5}},"26":{"start":{"line":78,"column":6},"end":{"line":78,"column":20}},"27":{"start":{"line":81,"column":2},"end":{"line":81,"column":15}}},"fnMap":{"0":{"name":"isOldEnoughToDrink","decl":{"start":{"line":5,"column":9},"end":{"line":5,"column":27}},"loc":{"start":{"line":5,"column":50},"end":{"line":8,"column":1}},"line":5},"1":{"name":"isOldEnoughToDrive","decl":{"start":{"line":12,"column":9},"end":{"line":12,"column":27}},"loc":{"start":{"line":12,"column":50},"end":{"line":15,"column":1}},"line":12},"2":{"name":"isOldEnoughToVote","decl":{"start":{"line":19,"column":9},"end":{"line":19,"column":26}},"loc":{"start":{"line":19,"column":50},"end":{"line":25,"column":1}},"line":19},"3":{"name":"addArrayProperty","decl":{"start":{"line":35,"column":9},"end":{"line":35,"column":25}},"loc":{"start":{"line":35,"column":94},"end":{"line":37,"column":1}},"line":35},"4":{"name":"computeCompoundInterest","decl":{"start":{"line":43,"column":9},"end":{"line":43,"column":32}},"loc":{"start":{"line":48,"column":10},"end":{"line":55,"column":1}},"line":48},"5":{"name":"modulo","decl":{"start":{"line":59,"column":9},"end":{"line":59,"column":15}},"loc":{"start":{"line":59,"column":56},"end":{"line":69,"column":1}},"line":59},"6":{"name":"getIndexOf","decl":{"start":{"line":73,"column":9},"end":{"line":73,"column":19}},"loc":{"start":{"line":73,"column":55},"end":{"line":82,"column":1}},"line":73},"7":{"name":"(anonymous_7)","decl":{"start":{"line":76,"column":14},"end":{"line":76,"column":15}},"loc":{"start":{"line":76,"column":34},"end":{"line":80,"column":3}},"line":76}},"branchMap":{"0":{"loc":{"start":{"line":21,"column":2},"end":{"line":23,"column":3}},"type":"if","locations":[{"start":{"line":21,"column":2},"end":{"line":23,"column":3}},{"start":{"line":21,"column":2},"end":{"line":23,"column":3}}],"line":21},"1":{"loc":{"start":{"line":60,"column":2},"end":{"line":66,"column":3}},"type":"if","locations":[{"start":{"line":60,"column":2},"end":{"line":66,"column":3}},{"start":{"line":60,"column":2},"end":{"line":66,"column":3}}],"line":60},"2":{"loc":{"start":{"line":62,"column":9},"end":{"line":66,"column":3}},"type":"if","locations":[{"start":{"line":62,"column":9},"end":{"line":66,"column":3}},{"start":{"line":62,"column":9},"end":{"line":66,"column":3}}],"line":62},"3":{"loc":{"start":{"line":64,"column":9},"end":{"line":66,"column":3}},"type":"if","locations":[{"start":{"line":64,"column":9},"end":{"line":66,"column":3}},{"start":{"line":64,"column":9},"end":{"line":66,"column":3}}],"line":64},"4":{"loc":{"start":{"line":64,"column":13},"end":{"line":64,"column":43}},"type":"binary-expr","locations":[{"start":{"line":64,"column":13},"end":{"line":64,"column":26}},{"start":{"line":64,"column":30},"end":{"line":64,"column":43}}],"line":64},"5":{"loc":{"start":{"line":77,"column":4},"end":{"line":79,"column":5}},"type":"if","locations":[{"start":{"line":77,"column":4},"end":{"line":79,"column":5}},{"start":{"line":77,"column":4},"end":{"line":79,"column":5}}],"line":77}},"s":{"0":1,"1":1,"2":1,"3":1,"4":1,"5":1,"6":1,"7":0,"8":1,"9":1,"10":1,"11":1,"12":1,"13":1,"14":1,"15":4,"16":1,"17":3,"18":1,"19":2,"20":1,"21":1,"22":1,"23":1,"24":1,"25":8,"26":1,"27":1},"f":{"0":1,"1":1,"2":1,"3":1,"4":1,"5":4,"6":1,"7":8},"b":{"0":[1,0],"1":[1,3],"2":[1,2],"3":[1,1],"4":[2,1],"5":[1,7]},"_coverageSchema":"332fd63041d2c1bcb487cc26dd0d5f7d97098a6c","hash":"4429eb6d1197f80b4b9ccff6360cbfafe9ff5313"}
,"/Users/Nicholagaunne/aloof/aloofProject/src/isEmpty.js": {"path":"/Users/Nicholagaunne/aloof/aloofProject/src/isEmpty.js","statementMap":{"0":{"start":{"line":4,"column":31},"end":{"line":4,"column":43}},"1":{"start":{"line":5,"column":2},"end":{"line":9,"column":3}},"2":{"start":{"line":6,"column":4},"end":{"line":6,"column":17}},"3":{"start":{"line":7,"column":9},"end":{"line":9,"column":3}},"4":{"start":{"line":8,"column":4},"end":{"line":8,"column":17}},"5":{"start":{"line":10,"column":2},"end":{"line":31,"column":3}},"6":{"start":{"line":12,"column":6},"end":{"line":12,"column":38}},"7":{"start":{"line":12,"column":25},"end":{"line":12,"column":38}},"8":{"start":{"line":13,"column":6},"end":{"line":13,"column":12}},"9":{"start":{"line":15,"column":6},"end":{"line":15,"column":40}},"10":{"start":{"line":15,"column":27},"end":{"line":15,"column":40}},"11":{"start":{"line":16,"column":6},"end":{"line":16,"column":12}},"12":{"start":{"line":18,"column":6},"end":{"line":18,"column":36}},"13":{"start":{"line":18,"column":23},"end":{"line":18,"column":36}},"14":{"start":{"line":19,"column":6},"end":{"line":19,"column":12}},"15":{"start":{"line":21,"column":6},"end":{"line":27,"column":7}},"16":{"start":{"line":22,"column":8},"end":{"line":22,"column":21}},"17":{"start":{"line":23,"column":13},"end":{"line":27,"column":7}},"18":{"start":{"line":24,"column":8},"end":{"line":24,"column":21}},"19":{"start":{"line":25,"column":13},"end":{"line":27,"column":7}},"20":{"start":{"line":26,"column":8},"end":{"line":26,"column":21}},"21":{"start":{"line":28,"column":6},"end":{"line":28,"column":12}},"22":{"start":{"line":30,"column":6},"end":{"line":30,"column":12}},"23":{"start":{"line":32,"column":2},"end":{"line":32,"column":14}}},"fnMap":{"0":{"name":"isEmpty","decl":{"start":{"line":3,"column":9},"end":{"line":3,"column":16}},"loc":{"start":{"line":3,"column":40},"end":{"line":33,"column":1}},"line":3}},"branchMap":{"0":{"loc":{"start":{"line":5,"column":2},"end":{"line":9,"column":3}},"type":"if","locations":[{"start":{"line":5,"column":2},"end":{"line":9,"column":3}},{"start":{"line":5,"column":2},"end":{"line":9,"column":3}}],"line":5},"1":{"loc":{"start":{"line":5,"column":6},"end":{"line":5,"column":47}},"type":"binary-expr","locations":[{"start":{"line":5,"column":6},"end":{"line":5,"column":18}},{"start":{"line":5,"column":22},"end":{"line":5,"column":47}}],"line":5},"2":{"loc":{"start":{"line":7,"column":9},"end":{"line":9,"column":3}},"type":"if","locations":[{"start":{"line":7,"column":9},"end":{"line":9,"column":3}},{"start":{"line":7,"column":9},"end":{"line":9,"column":3}}],"line":7},"3":{"loc":{"start":{"line":10,"column":2},"end":{"line":31,"column":3}},"type":"switch","locations":[{"start":{"line":11,"column":4},"end":{"line":13,"column":12}},{"start":{"line":14,"column":4},"end":{"line":16,"column":12}},{"start":{"line":17,"column":4},"end":{"line":19,"column":12}},{"start":{"line":20,"column":4},"end":{"line":28,"column":12}},{"start":{"line":29,"column":4},"end":{"line":30,"column":12}}],"line":10},"4":{"loc":{"start":{"line":12,"column":6},"end":{"line":12,"column":38}},"type":"if","locations":[{"start":{"line":12,"column":6},"end":{"line":12,"column":38}},{"start":{"line":12,"column":6},"end":{"line":12,"column":38}}],"line":12},"5":{"loc":{"start":{"line":15,"column":6},"end":{"line":15,"column":40}},"type":"if","locations":[{"start":{"line":15,"column":6},"end":{"line":15,"column":40}},{"start":{"line":15,"column":6},"end":{"line":15,"column":40}}],"line":15},"6":{"loc":{"start":{"line":18,"column":6},"end":{"line":18,"column":36}},"type":"if","locations":[{"start":{"line":18,"column":6},"end":{"line":18,"column":36}},{"start":{"line":18,"column":6},"end":{"line":18,"column":36}}],"line":18},"7":{"loc":{"start":{"line":21,"column":6},"end":{"line":27,"column":7}},"type":"if","locations":[{"start":{"line":21,"column":6},"end":{"line":27,"column":7}},{"start":{"line":21,"column":6},"end":{"line":27,"column":7}}],"line":21},"8":{"loc":{"start":{"line":21,"column":10},"end":{"line":21,"column":49}},"type":"binary-expr","locations":[{"start":{"line":21,"column":10},"end":{"line":21,"column":30}},{"start":{"line":21,"column":34},"end":{"line":21,"column":49}}],"line":21},"9":{"loc":{"start":{"line":23,"column":13},"end":{"line":27,"column":7}},"type":"if","locations":[{"start":{"line":23,"column":13},"end":{"line":27,"column":7}},{"start":{"line":23,"column":13},"end":{"line":27,"column":7}}],"line":23},"10":{"loc":{"start":{"line":23,"column":17},"end":{"line":23,"column":93}},"type":"binary-expr","locations":[{"start":{"line":23,"column":17},"end":{"line":23,"column":37}},{"start":{"line":23,"column":41},"end":{"line":23,"column":64}},{"start":{"line":23,"column":68},"end":{"line":23,"column":93}}],"line":23},"11":{"loc":{"start":{"line":25,"column":13},"end":{"line":27,"column":7}},"type":"if","locations":[{"start":{"line":25,"column":13},"end":{"line":27,"column":7}},{"start":{"line":25,"column":13},"end":{"line":27,"column":7}}],"line":25},"12":{"loc":{"start":{"line":25,"column":17},"end":{"line":25,"column":77}},"type":"binary-expr","locations":[{"start":{"line":25,"column":17},"end":{"line":25,"column":40}},{"start":{"line":25,"column":44},"end":{"line":25,"column":77}}],"line":25}},"s":{"0":11,"1":11,"2":2,"3":9,"4":1,"5":8,"6":2,"7":1,"8":1,"9":0,"10":0,"11":0,"12":1,"13":1,"14":0,"15":5,"16":1,"17":4,"18":1,"19":3,"20":1,"21":2,"22":0,"23":3},"f":{"0":11},"b":{"0":[2,9],"1":[11,4],"2":[1,8],"3":[2,0,1,5,0],"4":[1,1],"5":[0,0],"6":[1,0],"7":[1,4],"8":[5,3],"9":[1,3],"10":[4,2,1],"11":[1,2],"12":[3,3]},"_coverageSchema":"332fd63041d2c1bcb487cc26dd0d5f7d97098a6c","hash":"53f33218452a6a4031b94f13856a272a4704e39a"}
,"/Users/Nicholagaunne/aloof/aloofProject/src/sum.js": {"path":"/Users/Nicholagaunne/aloof/aloofProject/src/sum.js","statementMap":{"0":{"start":{"line":4,"column":15},"end":{"line":4,"column":16}},"1":{"start":{"line":5,"column":2},"end":{"line":7,"column":3}},"2":{"start":{"line":6,"column":4},"end":{"line":6,"column":27}},"3":{"start":{"line":8,"column":2},"end":{"line":8,"column":16}}},"fnMap":{"0":{"name":"sum","decl":{"start":{"line":3,"column":9},"end":{"line":3,"column":12}},"loc":{"start":{"line":3,"column":48},"end":{"line":9,"column":1}},"line":3}},"branchMap":{},"s":{"0":7,"1":7,"2":17,"3":7},"f":{"0":7},"b":{},"_coverageSchema":"332fd63041d2c1bcb487cc26dd0d5f7d97098a6c","hash":"04b281cc48236838a49574ca00f456d74628d33b"}
}
