TN:
SF:/Users/Nicholagaunne/aloof/aloofProject/src/add.js
FN:3,add
FNF:1
FNH:1
FNDA:5,add
DA:5,5
DA:6,1
DA:7,4
DA:8,2
DA:10,2
LF:5
LH:5
BRDA:5,0,0,1
BRDA:5,0,1,4
BRDA:7,1,0,2
BRDA:7,1,1,2
BRF:4
BRH:4
end_of_record
TN:
SF:/Users/Nicholagaunne/aloof/aloofProject/src/hackReactor.js
FN:5,isOldEnoughToDrink
FN:12,isOldEnoughToDrive
FN:19,isOldEnoughToVote
FN:35,addArrayProperty
FN:43,computeCompoundInterest
FN:59,modulo
FN:73,getIndexOf
FN:76,(anonymous_7)
FNF:8
FNH:8
FNDA:1,isOldEnoughToDrink
FNDA:1,isOldEnoughToDrive
FNDA:1,isOldEnoughToVote
FNDA:1,addArrayProperty
FNDA:1,computeCompoundInterest
FNDA:4,modulo
FNDA:1,getIndexOf
FNDA:8,(anonymous_7)
DA:6,1
DA:7,1
DA:13,1
DA:14,1
DA:20,1
DA:21,1
DA:22,1
DA:24,0
DA:36,1
DA:49,1
DA:50,1
DA:51,1
DA:52,1
DA:53,1
DA:54,1
DA:60,4
DA:61,1
DA:62,3
DA:63,1
DA:64,2
DA:65,1
DA:68,1
DA:74,1
DA:75,1
DA:76,1
DA:77,8
DA:78,1
DA:81,1
LF:28
LH:27
BRDA:21,0,0,1
BRDA:21,0,1,0
BRDA:60,1,0,1
BRDA:60,1,1,3
BRDA:62,2,0,1
BRDA:62,2,1,2
BRDA:64,3,0,1
BRDA:64,3,1,1
BRDA:64,4,0,2
BRDA:64,4,1,1
BRDA:77,5,0,1
BRDA:77,5,1,7
BRF:12
BRH:11
end_of_record
TN:
SF:/Users/Nicholagaunne/aloof/aloofProject/src/isEmpty.js
FN:3,isEmpty
FNF:1
FNH:1
FNDA:11,isEmpty
DA:4,11
DA:5,11
DA:6,2
DA:7,9
DA:8,1
DA:9,8
DA:10,3
DA:11,3
DA:12,1
DA:13,2
DA:14,0
DA:15,0
DA:16,2
DA:17,1
DA:18,1
DA:20,5
DA:21,5
DA:22,1
DA:23,1
DA:24,4
DA:29,1
DA:30,1
DA:31,3
DA:32,1
DA:36,3
DA:37,3
LF:26
LH:24
BRDA:5,0,0,2
BRDA:5,0,1,9
BRDA:5,1,0,11
BRDA:5,1,1,4
BRDA:7,2,0,1
BRDA:7,2,1,8
BRDA:9,3,0,3
BRDA:9,3,1,5
BRDA:9,4,0,8
BRDA:9,4,1,6
BRDA:9,4,2,6
BRDA:11,5,0,1
BRDA:11,5,1,2
BRDA:13,6,0,0
BRDA:13,6,1,2
BRDA:16,7,0,1
BRDA:16,7,1,1
BRDA:20,8,0,5
BRDA:20,8,1,0
BRDA:21,9,0,1
BRDA:21,9,1,4
BRDA:21,10,0,5
BRDA:21,10,1,3
BRDA:24,11,0,1
BRDA:24,11,1,3
BRDA:25,12,0,4
BRDA:25,12,1,2
BRDA:25,12,2,1
BRDA:31,13,0,1
BRDA:31,13,1,2
BRDA:31,14,0,3
BRDA:31,14,1,3
BRF:32
BRH:30
end_of_record
TN:
SF:/Users/Nicholagaunne/aloof/aloofProject/src/sum.js
FN:3,sum
FNF:1
FNH:1
FNDA:7,sum
DA:4,7
DA:5,7
DA:6,17
DA:8,7
LF:4
LH:4
BRF:0
BRH:0
end_of_record
